<?xml version="1.0" encoding="UTF-8"?>
<!-- Generated by org.testng.reporters.JUnitXMLReporter -->
<testsuite hostname="test" ignored="4" name="init" tests="32" failures="4" timestamp="01 三月 2017 05:11:36 GMT" time="1965.637" errors="0">
  <testcase name="CheckMyHub" time="23.724" classname="com.oribo.android365.testcase.Personcenter">
    <skipped/>
  </testcase> <!-- CheckMyHub -->
  <testcase name="CheckMyHub" time="23.806" classname="com.oribo.android365.testcase.Personcenter">
    <skipped/>
  </testcase> <!-- CheckMyHub -->
  <testcase name="CheckMyHub" time="23.461" classname="com.oribo.android365.testcase.Personcenter">
    <failure type="org.openqa.selenium.NoSuchElementException" message="An element could not be located on the page using the given search parameters. (WARNING: The server did not provide any stacktrace information)
Command duration or timeout: 20.13 seconds
For documentation on this error, please visit: http://seleniumhq.org/exceptions/no_such_element.html
Build info: version: &amp;apos;2.52.0&amp;apos;, revision: &amp;apos;4c2593c&amp;apos;, time: &amp;apos;2016-02-11 19:06:42&amp;apos;
System info: host: &amp;apos;test&amp;apos;, ip: &amp;apos;192.168.18.223&amp;apos;, os.name: &amp;apos;Windows 8.1&amp;apos;, os.arch: &amp;apos;amd64&amp;apos;, os.version: &amp;apos;6.3&amp;apos;, java.version: &amp;apos;1.8.0_31&amp;apos;
Driver info: io.appium.java_client.android.AndroidDriver
Capabilities [{appPackage=com.orvibo.homemate, noReset=true, deviceName=492c754e, platform=LINUX, deviceUDID=492c754e, desired={appPackage=com.orvibo.homemate, appActivity=com.orvibo.homemate.common.launch.LaunchActivity, noReset=true, platformVersion=6.0.1, browserName=, unicodeKeyboard=true, sessionOverride=true, platformName=Android, udid=492c754e, deviceName=Android Emulator, device=Selendroid, resetKeyboard=true}, platformVersion=6.0.1, webStorageEnabled=false, takesScreenshot=true, browserName=, javascriptEnabled=true, unicodeKeyboard=true, platformName=Android, udid=492c754e, deviceManufacturer=Xiaomi, resetKeyboard=true, deviceScreenSize=1080x1920, networkConnectionEnabled=true, warnings={}, databaseEnabled=false, appActivity=com.orvibo.homemate.common.launch.LaunchActivity, locationContextEnabled=false, deviceModel=MI NOTE LTE, sessionOverride=true, device=Selendroid}]
Session ID: 79f464e7-941a-4cab-9a76-e4046ac6a510
*** Element info: {Using=-android uiautomator, value=text(&amp;quot;我的主机&amp;quot;)}">
      <![CDATA[org.openqa.selenium.NoSuchElementException: An element could not be located on the page using the given search parameters. (WARNING: The server did not provide any stacktrace information)
Command duration or timeout: 20.13 seconds
For documentation on this error, please visit: http://seleniumhq.org/exceptions/no_such_element.html
Build info: version: '2.52.0', revision: '4c2593c', time: '2016-02-11 19:06:42'
System info: host: 'test', ip: '192.168.18.223', os.name: 'Windows 8.1', os.arch: 'amd64', os.version: '6.3', java.version: '1.8.0_31'
Driver info: io.appium.java_client.android.AndroidDriver
Capabilities [{appPackage=com.orvibo.homemate, noReset=true, deviceName=492c754e, platform=LINUX, deviceUDID=492c754e, desired={appPackage=com.orvibo.homemate, appActivity=com.orvibo.homemate.common.launch.LaunchActivity, noReset=true, platformVersion=6.0.1, browserName=, unicodeKeyboard=true, sessionOverride=true, platformName=Android, udid=492c754e, deviceName=Android Emulator, device=Selendroid, resetKeyboard=true}, platformVersion=6.0.1, webStorageEnabled=false, takesScreenshot=true, browserName=, javascriptEnabled=true, unicodeKeyboard=true, platformName=Android, udid=492c754e, deviceManufacturer=Xiaomi, resetKeyboard=true, deviceScreenSize=1080x1920, networkConnectionEnabled=true, warnings={}, databaseEnabled=false, appActivity=com.orvibo.homemate.common.launch.LaunchActivity, locationContextEnabled=false, deviceModel=MI NOTE LTE, sessionOverride=true, device=Selendroid}]
Session ID: 79f464e7-941a-4cab-9a76-e4046ac6a510
*** Element info: {Using=-android uiautomator, value=text("我的主机")}
	at org.openqa.selenium.remote.ErrorHandler.createThrowable(ErrorHandler.java:206)
	at org.openqa.selenium.remote.ErrorHandler.throwIfResponseFailed(ErrorHandler.java:158)
	at org.openqa.selenium.remote.RemoteWebDriver.execute(RemoteWebDriver.java:678)
	at io.appium.java_client.DefaultGenericMobileDriver.execute(DefaultGenericMobileDriver.java:42)
	at io.appium.java_client.AppiumDriver.execute(AppiumDriver.java:1)
	at io.appium.java_client.android.AndroidDriver.execute(AndroidDriver.java:1)
	at org.openqa.selenium.remote.RemoteWebDriver.findElement(RemoteWebDriver.java:363)
	at io.appium.java_client.android.AndroidDriver.findElementByAndroidUIAutomator(AndroidDriver.java:394)
	at com.oribo.android365.testcase.Personcenter.CheckMyHub(Personcenter.java:136)
... Removed 29 stack frames]]>
    </failure>
  </testcase> <!-- CheckMyHub -->
  <testcase name="Unboundauthorization" time="6.738" classname="com.oribo.android365.testcase.Personcenter"/>
  <testcase name="about" time="9.024" classname="com.oribo.android365.testcase.Personcenter"/>
  <testcase name="authorizationentrance" time="9.45" classname="com.oribo.android365.testcase.Personcenter"/>
  <testcase name="checkaccount" time="8.678" classname="com.oribo.android365.testcase.Personcenter"/>
  <testcase name="feedback" time="23.659" classname="com.oribo.android365.testcase.Personcenter">
    <failure type="org.openqa.selenium.NoSuchElementException" message="no such element: Unable to locate element: {&amp;quot;method&amp;quot;:&amp;quot;xpath&amp;quot;,&amp;quot;selector&amp;quot;:&amp;quot;//*[@id=&amp;quot;img-selector&amp;quot;]/div[2]/div[1]&amp;quot;}
  (Session info: chrome=55.0.2883.91)
  (Driver info: chromedriver=2.26.436362 (5476ec6bf7ccbada1734a0cdec7d570bb042aa30),platform=Windows NT 10.0.14393 x86_64) (WARNING: The server did not provide any stacktrace information)
Command duration or timeout: 155 milliseconds
For documentation on this error, please visit: http://seleniumhq.org/exceptions/no_such_element.html
Build info: version: &amp;apos;2.52.0&amp;apos;, revision: &amp;apos;4c2593c&amp;apos;, time: &amp;apos;2016-02-11 19:06:42&amp;apos;
System info: host: &amp;apos;test&amp;apos;, ip: &amp;apos;192.168.18.223&amp;apos;, os.name: &amp;apos;Windows 8.1&amp;apos;, os.arch: &amp;apos;amd64&amp;apos;, os.version: &amp;apos;6.3&amp;apos;, java.version: &amp;apos;1.8.0_31&amp;apos;
Driver info: io.appium.java_client.android.AndroidDriver
Capabilities [{appPackage=com.orvibo.homemate, noReset=true, deviceName=492c754e, platform=LINUX, deviceUDID=492c754e, desired={appPackage=com.orvibo.homemate, appActivity=com.orvibo.homemate.common.launch.LaunchActivity, noReset=true, platformVersion=6.0.1, browserName=, unicodeKeyboard=true, sessionOverride=true, platformName=Android, udid=492c754e, deviceName=Android Emulator, device=Selendroid, resetKeyboard=true}, platformVersion=6.0.1, webStorageEnabled=false, takesScreenshot=true, browserName=, javascriptEnabled=true, unicodeKeyboard=true, platformName=Android, udid=492c754e, deviceManufacturer=Xiaomi, resetKeyboard=true, deviceScreenSize=1080x1920, networkConnectionEnabled=true, warnings={}, databaseEnabled=false, appActivity=com.orvibo.homemate.common.launch.LaunchActivity, locationContextEnabled=false, deviceModel=MI NOTE LTE, sessionOverride=true, device=Selendroid}]
Session ID: 42646c42-26e5-4554-8125-28275e3185ac
*** Element info: {Using=xpath, value=//*[@id=&amp;quot;img-selector&amp;quot;]/div[2]/div[1]}">
      <![CDATA[org.openqa.selenium.NoSuchElementException: no such element: Unable to locate element: {"method":"xpath","selector":"//*[@id="img-selector"]/div[2]/div[1]"}
  (Session info: chrome=55.0.2883.91)
  (Driver info: chromedriver=2.26.436362 (5476ec6bf7ccbada1734a0cdec7d570bb042aa30),platform=Windows NT 10.0.14393 x86_64) (WARNING: The server did not provide any stacktrace information)
Command duration or timeout: 155 milliseconds
For documentation on this error, please visit: http://seleniumhq.org/exceptions/no_such_element.html
Build info: version: '2.52.0', revision: '4c2593c', time: '2016-02-11 19:06:42'
System info: host: 'test', ip: '192.168.18.223', os.name: 'Windows 8.1', os.arch: 'amd64', os.version: '6.3', java.version: '1.8.0_31'
Driver info: io.appium.java_client.android.AndroidDriver
Capabilities [{appPackage=com.orvibo.homemate, noReset=true, deviceName=492c754e, platform=LINUX, deviceUDID=492c754e, desired={appPackage=com.orvibo.homemate, appActivity=com.orvibo.homemate.common.launch.LaunchActivity, noReset=true, platformVersion=6.0.1, browserName=, unicodeKeyboard=true, sessionOverride=true, platformName=Android, udid=492c754e, deviceName=Android Emulator, device=Selendroid, resetKeyboard=true}, platformVersion=6.0.1, webStorageEnabled=false, takesScreenshot=true, browserName=, javascriptEnabled=true, unicodeKeyboard=true, platformName=Android, udid=492c754e, deviceManufacturer=Xiaomi, resetKeyboard=true, deviceScreenSize=1080x1920, networkConnectionEnabled=true, warnings={}, databaseEnabled=false, appActivity=com.orvibo.homemate.common.launch.LaunchActivity, locationContextEnabled=false, deviceModel=MI NOTE LTE, sessionOverride=true, device=Selendroid}]
Session ID: 42646c42-26e5-4554-8125-28275e3185ac
*** Element info: {Using=xpath, value=//*[@id="img-selector"]/div[2]/div[1]}
	at org.openqa.selenium.remote.ErrorHandler.createThrowable(ErrorHandler.java:206)
	at org.openqa.selenium.remote.ErrorHandler.throwIfResponseFailed(ErrorHandler.java:158)
	at org.openqa.selenium.remote.RemoteWebDriver.execute(RemoteWebDriver.java:678)
	at io.appium.java_client.DefaultGenericMobileDriver.execute(DefaultGenericMobileDriver.java:42)
	at io.appium.java_client.AppiumDriver.execute(AppiumDriver.java:1)
	at io.appium.java_client.android.AndroidDriver.execute(AndroidDriver.java:1)
	at org.openqa.selenium.remote.RemoteWebDriver.findElement(RemoteWebDriver.java:363)
	at org.openqa.selenium.remote.RemoteWebDriver.findElementByXPath(RemoteWebDriver.java:500)
	at io.appium.java_client.DefaultGenericMobileDriver.findElementByXPath(DefaultGenericMobileDriver.java:132)
	at io.appium.java_client.AppiumDriver.findElementByXPath(AppiumDriver.java:1)
	at io.appium.java_client.android.AndroidDriver.findElementByXPath(AndroidDriver.java:1)
	at org.openqa.selenium.By$ByXPath.findElement(By.java:361)
	at org.openqa.selenium.remote.RemoteWebDriver.findElement(RemoteWebDriver.java:355)
	at io.appium.java_client.DefaultGenericMobileDriver.findElement(DefaultGenericMobileDriver.java:52)
	at io.appium.java_client.AppiumDriver.findElement(AppiumDriver.java:1)
	at io.appium.java_client.android.AndroidDriver.findElement(AndroidDriver.java:1)
	at com.oribo.android365.testcase.Personcenter.feedback(Personcenter.java:1216)
... Removed 29 stack frames]]>
    </failure>
  </testcase> <!-- feedback -->
  <testcase name="forgetpassword" time="79.589" classname="com.oribo.android365.testcase.Personcenter"/>
  <testcase name="grephonenumber" time="13.72" classname="com.oribo.android365.testcase.Personcenter"/>
  <testcase name="homemanage" time="58.733" classname="com.oribo.android365.testcase.Personcenter"/>
  <testcase name="identifycode" time="14.639" classname="com.oribo.android365.testcase.Personcenter">
    <failure type="java.lang.AssertionError" message="验证为空时下一步可点击 expected [false] but found [true]">
      <![CDATA[java.lang.AssertionError: 验证为空时下一步可点击 expected [false] but found [true]
	at com.oribo.android365.testcase.Personcenter.identifycode(Personcenter.java:580)
... Removed 28 stack frames]]>
    </failure>
  </testcase> <!-- identifycode -->
  <testcase name="lesphonenumber" time="12.598" classname="com.oribo.android365.testcase.Personcenter"/>
  <testcase name="modifypassword" time="53.809" classname="com.oribo.android365.testcase.Personcenter"/>
  <testcase name="nickNull" time="10.524" classname="com.oribo.android365.testcase.Personcenter"/>
  <testcase name="nickmaxchina" time="14.863" classname="com.oribo.android365.testcase.Personcenter"/>
  <testcase name="nickmaxeng" time="30.564" classname="com.oribo.android365.testcase.Personcenter"/>
  <testcase name="nickmodify" time="13.858" classname="com.oribo.android365.testcase.Personcenter"/>
  <testcase name="notphonenumber" time="13.002" classname="com.oribo.android365.testcase.Personcenter"/>
  <testcase name="phonebind" time="13.795" classname="com.oribo.android365.testcase.Personcenter"/>
  <testcase name="rightaccount" time="14.643" classname="com.oribo.android365.testcase.Personcenter"/>
  <testcase name="rightaccountnext" time="14.116" classname="com.oribo.android365.testcase.Personcenter">
    <failure type="java.lang.AssertionError" message="expected [true] but found [false]">
      <![CDATA[java.lang.AssertionError: expected [true] but found [false]
	at com.oribo.common.AppOperate.exitElement(AppOperate.java:72)
	at com.oribo.android365.testcase.Personcenter.rightaccountnext(Personcenter.java:537)
... Removed 29 stack frames]]>
    </failure>
  </testcase> <!-- rightaccountnext -->
  <testcase name="setphotobyalbum" time="38.6" classname="com.oribo.android365.testcase.Personcenter"/>
  <testcase name="setphotobycamera" time="58.672" classname="com.oribo.android365.testcase.Personcenter"/>
  <testcase name="specialchar" time="13.263" classname="com.oribo.android365.testcase.Personcenter"/>
  <testcase name="CancelDeleteHostNotice" time="0.0" classname="com.oribo.android365.testcase.Personcenter">
    <skipped/>
  </testcase> <!-- CancelDeleteHostNotice -->
  <testcase name="CheckDeleteHost" time="0.0" classname="com.oribo.android365.testcase.Personcenter">
    <skipped/>
  </testcase> <!-- CheckDeleteHost -->
  <testcase name="CheckMyHubBack" time="0.0" classname="com.oribo.android365.testcase.Personcenter">
    <skipped/>
  </testcase> <!-- CheckMyHubBack -->
  <testcase name="CheckMyHubFirmwareVersion" time="0.0" classname="com.oribo.android365.testcase.Personcenter">
    <skipped/>
  </testcase> <!-- CheckMyHubFirmwareVersion -->
  <testcase name="CheckMyHubIpAddress" time="0.0" classname="com.oribo.android365.testcase.Personcenter">
    <skipped/>
  </testcase> <!-- CheckMyHubIpAddress -->
  <testcase name="CheckMyHubMac" time="0.0" classname="com.oribo.android365.testcase.Personcenter">
    <skipped/>
  </testcase> <!-- CheckMyHubMac -->
  <testcase name="ClickMore" time="0.0" classname="com.oribo.android365.testcase.Personcenter">
    <skipped/>
  </testcase> <!-- ClickMore -->
  <testcase name="checkbind" time="0.0" classname="com.oribo.android365.testcase.Personcenter">
    <ignored/>
  </testcase> <!-- checkbind -->
  <testcase name="checkdefaultphoto" time="0.0" classname="com.oribo.android365.testcase.Personcenter">
    <ignored/>
  </testcase> <!-- checkdefaultphoto -->
  <testcase name="DeleteHost" time="0.0" classname="com.oribo.android365.testcase.Personcenter">
    <ignored/>
  </testcase> <!-- DeleteHost -->
  <testcase name="authorization" time="0.0" classname="com.oribo.android365.testcase.Personcenter">
    <ignored/>
  </testcase> <!-- authorization -->
</testsuite> <!-- init -->
