<?xml version="1.0" encoding="UTF-8"?>
<testng-results skipped="2" failed="1" ignored="47" total="51" passed="1">
  <reporter-output>
    <line>
      <![CDATA[2017-03-10 16:05:12 : [INFO] groups:1]]>
    </line>
    <line>
      <![CDATA[2017-03-10 16:05:14 : [STEP] [点击'场景'] ]]>
    </line>
    <line>
      <![CDATA[2017-03-10 16:05:14 : [INFO] [点击 -> -android uiautomator: text("场景")]]]>
    </line>
    <line>
      <![CDATA[2017-03-10 16:05:15 : [STEP] [点击联动] ]]>
    </line>
    <line>
      <![CDATA[2017-03-10 16:05:15 : [INFO] [点击 -> -android uiautomator: text("联 动")]]]>
    </line>
    <line>
      <![CDATA[2017-03-10 16:05:17 : [INFO] 当前联动数为:3]]>
    </line>
    <line>
      <![CDATA[2017-03-10 16:05:17 : [INFO] **********]]>
    </line>
    <line>
      <![CDATA[2017-03-10 16:05:53 : [INFO] groups:1]]>
    </line>
    <line>
      <![CDATA[2017-03-10 16:05:54 : [STEP] [点击'场景'] ]]>
    </line>
    <line>
      <![CDATA[2017-03-10 16:05:54 : [INFO] [点击 -> -android uiautomator: text("场景")]]]>
    </line>
    <line>
      <![CDATA[2017-03-10 16:05:56 : [INFO] 当前家庭为:我的家庭]]>
    </line>
    <line>
      <![CDATA[2017-03-10 16:05:56 : [INFO] 当前情景数为:4]]>
    </line>
    <line>
      <![CDATA[2017-03-10 16:06:16 : [STEP] [滑动查找场景] ]]>
    </line>
    <line>
      <![CDATA[2017-03-10 16:06:37 : [STEP] [滑动查找场景] ]]>
    </line>
    <line>
      <![CDATA[2017-03-10 16:06:57 : [STEP] [滑动查找场景] ]]>
    </line>
    <line>
      <![CDATA[2017-03-10 16:06:57 : [INFO] **********]]>
    </line>
    <line>
      <![CDATA[2017-03-10 16:08:12 : [INFO] groups:1]]>
    </line>
    <line>
      <![CDATA[2017-03-10 16:08:14 : [STEP] [点击'场景'] ]]>
    </line>
    <line>
      <![CDATA[2017-03-10 16:08:14 : [INFO] [点击 -> -android uiautomator: text("场景")]]]>
    </line>
    <line>
      <![CDATA[2017-03-10 16:08:15 : [INFO] 当前家庭为:我的家庭]]>
    </line>
    <line>
      <![CDATA[2017-03-10 16:08:15 : [INFO] 当前情景数为:5]]>
    </line>
    <line>
      <![CDATA[2017-03-10 16:08:36 : [STEP] [滑动查找场景] ]]>
    </line>
    <line>
      <![CDATA[2017-03-10 16:08:56 : [STEP] [滑动查找场景] ]]>
    </line>
    <line>
      <![CDATA[2017-03-10 16:09:16 : [STEP] [滑动查找场景] ]]>
    </line>
    <line>
      <![CDATA[2017-03-10 16:09:16 : [INFO] **********]]>
    </line>
    <line>
      <![CDATA[2017-03-10 16:09:53 : [INFO] groups:1]]>
    </line>
    <line>
      <![CDATA[2017-03-10 16:09:54 : [STEP] [点击'场景'] ]]>
    </line>
    <line>
      <![CDATA[2017-03-10 16:09:54 : [INFO] [点击 -> -android uiautomator: text("场景")]]]>
    </line>
    <line>
      <![CDATA[2017-03-10 16:09:55 : [INFO] 当前家庭为:我的家庭]]>
    </line>
    <line>
      <![CDATA[2017-03-10 16:09:55 : [INFO] 当前情景数为:6]]>
    </line>
    <line>
      <![CDATA[2017-03-10 16:10:16 : [STEP] [滑动查找场景] ]]>
    </line>
    <line>
      <![CDATA[2017-03-10 16:10:36 : [STEP] [滑动查找场景] ]]>
    </line>
    <line>
      <![CDATA[2017-03-10 16:10:56 : [STEP] [滑动查找场景] ]]>
    </line>
    <line>
      <![CDATA[2017-03-10 16:11:18 : [INFO] **********]]>
    </line>
  </reporter-output>
  <suite name="智家365" duration-ms="395319" started-at="2017-03-10T08:04:44Z" finished-at="2017-03-10T08:11:19Z">
    <groups>
      <group name="情景">
        <method signature="HomeManage.checklinkage()[pri:0, instance:com.oribo.android365.testcase.HomeManage@cd2dae5]" name="checklinkage" class="com.oribo.android365.testcase.HomeManage"/>
        <method signature="HomeManage.checkscene()[pri:0, instance:com.oribo.android365.testcase.HomeManage@cd2dae5]" name="checkscene" class="com.oribo.android365.testcase.HomeManage"/>
      </group> <!-- 情景 -->
    </groups>
    <test name="init" duration-ms="395319" started-at="2017-03-10T08:04:44Z" finished-at="2017-03-10T08:11:19Z">
      <class name="com.oribo.android365.testcase.HomeManage">
        <test-method status="PASS" signature="init(java.lang.String, java.lang.String, java.lang.String, java.lang.String, java.lang.String, java.lang.String, java.lang.String, java.lang.String)[pri:0, instance:com.oribo.android365.testcase.HomeManage@cd2dae5]" name="init" is-config="true" duration-ms="1" started-at="2017-03-10T16:04:44Z" finished-at="2017-03-10T16:04:44Z">
          <params>
            <param index="0">
              <value>
                <![CDATA[4723]]>
              </value>
            </param>
            <param index="1">
              <value>
                <![CDATA[492c754e]]>
              </value>
            </param>
            <param index="2">
              <value>
                <![CDATA[xiaomi]]>
              </value>
            </param>
            <param index="3">
              <value>
                <![CDATA[6.0.1]]>
              </value>
            </param>
            <param index="4">
              <value>
                <![CDATA[HomeMate 2.2.0.201.apk]]>
              </value>
            </param>
            <param index="5">
              <value>
                <![CDATA[840432908@qq.com]]>
              </value>
            </param>
            <param index="6">
              <value>
                <![CDATA[2hq5qt]]>
              </value>
            </param>
            <param index="7">
              <value>
                <![CDATA[penghong@orvibo.com]]>
              </value>
            </param>
          </params>
          <reporter-output>
          </reporter-output>
        </test-method> <!-- init -->
        <test-method status="PASS" signature="beforeMethod()[pri:0, instance:com.oribo.android365.testcase.HomeManage@cd2dae5]" name="beforeMethod" is-config="true" duration-ms="28333" started-at="2017-03-10T16:04:44Z" finished-at="2017-03-10T16:05:12Z">
          <reporter-output>
          </reporter-output>
        </test-method> <!-- beforeMethod -->
        <test-method status="PASS" signature="checklinkage()[pri:0, instance:com.oribo.android365.testcase.HomeManage@cd2dae5]" name="checklinkage" duration-ms="4997" started-at="2017-03-10T16:05:12Z" finished-at="2017-03-10T16:05:17Z">
          <reporter-output>
            <line>
              <![CDATA[2017-03-10 16:05:12 : [INFO] groups:1]]>
            </line>
            <line>
              <![CDATA[2017-03-10 16:05:14 : [STEP] [点击'场景'] ]]>
            </line>
            <line>
              <![CDATA[2017-03-10 16:05:14 : [INFO] [点击 -> -android uiautomator: text("场景")]]]>
            </line>
            <line>
              <![CDATA[2017-03-10 16:05:15 : [STEP] [点击联动] ]]>
            </line>
            <line>
              <![CDATA[2017-03-10 16:05:15 : [INFO] [点击 -> -android uiautomator: text("联 动")]]]>
            </line>
            <line>
              <![CDATA[2017-03-10 16:05:17 : [INFO] 当前联动数为:3]]>
            </line>
          </reporter-output>
        </test-method> <!-- checklinkage -->
        <test-method status="PASS" signature="tearDown()[pri:0, instance:com.oribo.android365.testcase.HomeManage@cd2dae5]" name="tearDown" is-config="true" duration-ms="7473" started-at="2017-03-10T16:05:17Z" finished-at="2017-03-10T16:05:25Z">
          <reporter-output>
            <line>
              <![CDATA[2017-03-10 16:05:17 : [INFO] **********]]>
            </line>
          </reporter-output>
        </test-method> <!-- tearDown -->
        <test-method status="PASS" signature="beforeMethod()[pri:0, instance:com.oribo.android365.testcase.HomeManage@cd2dae5]" name="beforeMethod" is-config="true" duration-ms="28205" started-at="2017-03-10T16:05:25Z" finished-at="2017-03-10T16:05:53Z">
          <reporter-output>
          </reporter-output>
        </test-method> <!-- beforeMethod -->
        <test-method status="SKIP" signature="checkscene()[pri:0, instance:com.oribo.android365.testcase.HomeManage@cd2dae5]" name="checkscene" duration-ms="64305" started-at="2017-03-10T16:05:53Z" finished-at="2017-03-10T16:06:57Z">
          <exception class="java.lang.AssertionError">
            <message>
              <![CDATA[expected [true] but found [false]]]>
            </message>
            <full-stacktrace>
              <![CDATA[java.lang.AssertionError: expected [true] but found [false]
	at org.testng.Assert.fail(Assert.java:94)
	at org.testng.Assert.failNotEquals(Assert.java:513)
	at org.testng.Assert.assertTrue(Assert.java:42)
	at org.testng.Assert.assertTrue(Assert.java:52)
	at com.oribo.android365.testcase.HomeManage.checkscene(HomeManage.java:948)
	at sun.reflect.NativeMethodAccessorImpl.invoke0(Native Method)
	at sun.reflect.NativeMethodAccessorImpl.invoke(Unknown Source)
	at sun.reflect.DelegatingMethodAccessorImpl.invoke(Unknown Source)
	at java.lang.reflect.Method.invoke(Unknown Source)
	at org.testng.internal.MethodInvocationHelper.invokeMethod(MethodInvocationHelper.java:104)
	at org.testng.internal.Invoker.invokeMethod(Invoker.java:645)
	at org.testng.internal.Invoker.invokeTestMethod(Invoker.java:851)
	at org.testng.internal.Invoker.invokeTestMethods(Invoker.java:1177)
	at org.testng.internal.TestMethodWorker.invokeTestMethods(TestMethodWorker.java:129)
	at org.testng.internal.TestMethodWorker.run(TestMethodWorker.java:112)
	at org.testng.TestRunner.privateRun(TestRunner.java:756)
	at org.testng.TestRunner.run(TestRunner.java:610)
	at org.testng.SuiteRunner.runTest(SuiteRunner.java:387)
	at org.testng.SuiteRunner.runSequentially(SuiteRunner.java:382)
	at org.testng.SuiteRunner.privateRun(SuiteRunner.java:340)
	at org.testng.SuiteRunner.run(SuiteRunner.java:289)
	at org.testng.SuiteRunnerWorker.runSuite(SuiteRunnerWorker.java:52)
	at org.testng.SuiteRunnerWorker.run(SuiteRunnerWorker.java:86)
	at org.testng.TestNG.runSuitesSequentially(TestNG.java:1293)
	at org.testng.TestNG.runSuitesLocally(TestNG.java:1218)
	at org.testng.TestNG.runSuites(TestNG.java:1133)
	at org.testng.TestNG.run(TestNG.java:1104)
	at org.testng.remote.AbstractRemoteTestNG.run(AbstractRemoteTestNG.java:132)
	at org.testng.remote.RemoteTestNG.initAndRun(RemoteTestNG.java:236)
	at org.testng.remote.RemoteTestNG.main(RemoteTestNG.java:81)
]]>
            </full-stacktrace>
          </exception> <!-- java.lang.AssertionError -->
          <reporter-output>
            <line>
              <![CDATA[2017-03-10 16:05:53 : [INFO] groups:1]]>
            </line>
            <line>
              <![CDATA[2017-03-10 16:05:54 : [STEP] [点击'场景'] ]]>
            </line>
            <line>
              <![CDATA[2017-03-10 16:05:54 : [INFO] [点击 -> -android uiautomator: text("场景")]]]>
            </line>
            <line>
              <![CDATA[2017-03-10 16:05:56 : [INFO] 当前家庭为:我的家庭]]>
            </line>
            <line>
              <![CDATA[2017-03-10 16:05:56 : [INFO] 当前情景数为:4]]>
            </line>
            <line>
              <![CDATA[2017-03-10 16:06:16 : [STEP] [滑动查找场景] ]]>
            </line>
            <line>
              <![CDATA[2017-03-10 16:06:37 : [STEP] [滑动查找场景] ]]>
            </line>
            <line>
              <![CDATA[2017-03-10 16:06:57 : [STEP] [滑动查找场景] ]]>
            </line>
          </reporter-output>
        </test-method> <!-- checkscene -->
        <test-method status="PASS" signature="tearDown()[pri:0, instance:com.oribo.android365.testcase.HomeManage@cd2dae5]" name="tearDown" is-config="true" duration-ms="8453" started-at="2017-03-10T16:06:57Z" finished-at="2017-03-10T16:07:06Z">
          <reporter-output>
            <line>
              <![CDATA[2017-03-10 16:06:57 : [INFO] **********]]>
            </line>
          </reporter-output>
        </test-method> <!-- tearDown -->
        <test-method status="PASS" signature="beforeMethod()[pri:0, instance:com.oribo.android365.testcase.HomeManage@cd2dae5]" name="beforeMethod" is-config="true" duration-ms="66406" started-at="2017-03-10T16:07:06Z" finished-at="2017-03-10T16:08:12Z">
          <reporter-output>
          </reporter-output>
        </test-method> <!-- beforeMethod -->
        <test-method status="SKIP" signature="checkscene()[pri:0, instance:com.oribo.android365.testcase.HomeManage@cd2dae5]" name="checkscene" duration-ms="64257" started-at="2017-03-10T16:08:12Z" finished-at="2017-03-10T16:09:16Z">
          <exception class="java.lang.AssertionError">
            <message>
              <![CDATA[expected [true] but found [false]]]>
            </message>
            <full-stacktrace>
              <![CDATA[java.lang.AssertionError: expected [true] but found [false]
	at org.testng.Assert.fail(Assert.java:94)
	at org.testng.Assert.failNotEquals(Assert.java:513)
	at org.testng.Assert.assertTrue(Assert.java:42)
	at org.testng.Assert.assertTrue(Assert.java:52)
	at com.oribo.android365.testcase.HomeManage.checkscene(HomeManage.java:948)
	at sun.reflect.NativeMethodAccessorImpl.invoke0(Native Method)
	at sun.reflect.NativeMethodAccessorImpl.invoke(Unknown Source)
	at sun.reflect.DelegatingMethodAccessorImpl.invoke(Unknown Source)
	at java.lang.reflect.Method.invoke(Unknown Source)
	at org.testng.internal.MethodInvocationHelper.invokeMethod(MethodInvocationHelper.java:104)
	at org.testng.internal.Invoker.invokeMethod(Invoker.java:645)
	at org.testng.internal.Invoker.retryFailed(Invoker.java:998)
	at org.testng.internal.Invoker.invokeTestMethods(Invoker.java:1200)
	at org.testng.internal.TestMethodWorker.invokeTestMethods(TestMethodWorker.java:129)
	at org.testng.internal.TestMethodWorker.run(TestMethodWorker.java:112)
	at org.testng.TestRunner.privateRun(TestRunner.java:756)
	at org.testng.TestRunner.run(TestRunner.java:610)
	at org.testng.SuiteRunner.runTest(SuiteRunner.java:387)
	at org.testng.SuiteRunner.runSequentially(SuiteRunner.java:382)
	at org.testng.SuiteRunner.privateRun(SuiteRunner.java:340)
	at org.testng.SuiteRunner.run(SuiteRunner.java:289)
	at org.testng.SuiteRunnerWorker.runSuite(SuiteRunnerWorker.java:52)
	at org.testng.SuiteRunnerWorker.run(SuiteRunnerWorker.java:86)
	at org.testng.TestNG.runSuitesSequentially(TestNG.java:1293)
	at org.testng.TestNG.runSuitesLocally(TestNG.java:1218)
	at org.testng.TestNG.runSuites(TestNG.java:1133)
	at org.testng.TestNG.run(TestNG.java:1104)
	at org.testng.remote.AbstractRemoteTestNG.run(AbstractRemoteTestNG.java:132)
	at org.testng.remote.RemoteTestNG.initAndRun(RemoteTestNG.java:236)
	at org.testng.remote.RemoteTestNG.main(RemoteTestNG.java:81)
]]>
            </full-stacktrace>
          </exception> <!-- java.lang.AssertionError -->
          <reporter-output>
            <line>
              <![CDATA[2017-03-10 16:08:12 : [INFO] groups:1]]>
            </line>
            <line>
              <![CDATA[2017-03-10 16:08:14 : [STEP] [点击'场景'] ]]>
            </line>
            <line>
              <![CDATA[2017-03-10 16:08:14 : [INFO] [点击 -> -android uiautomator: text("场景")]]]>
            </line>
            <line>
              <![CDATA[2017-03-10 16:08:15 : [INFO] 当前家庭为:我的家庭]]>
            </line>
            <line>
              <![CDATA[2017-03-10 16:08:15 : [INFO] 当前情景数为:5]]>
            </line>
            <line>
              <![CDATA[2017-03-10 16:08:36 : [STEP] [滑动查找场景] ]]>
            </line>
            <line>
              <![CDATA[2017-03-10 16:08:56 : [STEP] [滑动查找场景] ]]>
            </line>
            <line>
              <![CDATA[2017-03-10 16:09:16 : [STEP] [滑动查找场景] ]]>
            </line>
          </reporter-output>
        </test-method> <!-- checkscene -->
        <test-method status="PASS" signature="tearDown()[pri:0, instance:com.oribo.android365.testcase.HomeManage@cd2dae5]" name="tearDown" is-config="true" duration-ms="8316" started-at="2017-03-10T16:09:16Z" finished-at="2017-03-10T16:09:25Z">
          <reporter-output>
            <line>
              <![CDATA[2017-03-10 16:09:16 : [INFO] **********]]>
            </line>
          </reporter-output>
        </test-method> <!-- tearDown -->
        <test-method status="PASS" signature="beforeMethod()[pri:0, instance:com.oribo.android365.testcase.HomeManage@cd2dae5]" name="beforeMethod" is-config="true" duration-ms="27890" started-at="2017-03-10T16:09:25Z" finished-at="2017-03-10T16:09:53Z">
          <reporter-output>
          </reporter-output>
        </test-method> <!-- beforeMethod -->
        <test-method status="FAIL" signature="checkscene()[pri:0, instance:com.oribo.android365.testcase.HomeManage@cd2dae5]" name="checkscene" duration-ms="63679" started-at="2017-03-10T16:09:53Z" finished-at="2017-03-10T16:10:56Z">
          <exception class="java.lang.AssertionError">
            <message>
              <![CDATA[expected [true] but found [false]]]>
            </message>
            <full-stacktrace>
              <![CDATA[java.lang.AssertionError: expected [true] but found [false]
	at org.testng.Assert.fail(Assert.java:94)
	at org.testng.Assert.failNotEquals(Assert.java:513)
	at org.testng.Assert.assertTrue(Assert.java:42)
	at org.testng.Assert.assertTrue(Assert.java:52)
	at com.oribo.android365.testcase.HomeManage.checkscene(HomeManage.java:948)
	at sun.reflect.NativeMethodAccessorImpl.invoke0(Native Method)
	at sun.reflect.NativeMethodAccessorImpl.invoke(Unknown Source)
	at sun.reflect.DelegatingMethodAccessorImpl.invoke(Unknown Source)
	at java.lang.reflect.Method.invoke(Unknown Source)
	at org.testng.internal.MethodInvocationHelper.invokeMethod(MethodInvocationHelper.java:104)
	at org.testng.internal.Invoker.invokeMethod(Invoker.java:645)
	at org.testng.internal.Invoker.retryFailed(Invoker.java:998)
	at org.testng.internal.Invoker.invokeTestMethods(Invoker.java:1200)
	at org.testng.internal.TestMethodWorker.invokeTestMethods(TestMethodWorker.java:129)
	at org.testng.internal.TestMethodWorker.run(TestMethodWorker.java:112)
	at org.testng.TestRunner.privateRun(TestRunner.java:756)
	at org.testng.TestRunner.run(TestRunner.java:610)
	at org.testng.SuiteRunner.runTest(SuiteRunner.java:387)
	at org.testng.SuiteRunner.runSequentially(SuiteRunner.java:382)
	at org.testng.SuiteRunner.privateRun(SuiteRunner.java:340)
	at org.testng.SuiteRunner.run(SuiteRunner.java:289)
	at org.testng.SuiteRunnerWorker.runSuite(SuiteRunnerWorker.java:52)
	at org.testng.SuiteRunnerWorker.run(SuiteRunnerWorker.java:86)
	at org.testng.TestNG.runSuitesSequentially(TestNG.java:1293)
	at org.testng.TestNG.runSuitesLocally(TestNG.java:1218)
	at org.testng.TestNG.runSuites(TestNG.java:1133)
	at org.testng.TestNG.run(TestNG.java:1104)
	at org.testng.remote.AbstractRemoteTestNG.run(AbstractRemoteTestNG.java:132)
	at org.testng.remote.RemoteTestNG.initAndRun(RemoteTestNG.java:236)
	at org.testng.remote.RemoteTestNG.main(RemoteTestNG.java:81)
]]>
            </full-stacktrace>
          </exception> <!-- java.lang.AssertionError -->
          <reporter-output>
            <line>
              <![CDATA[2017-03-10 16:09:53 : [INFO] groups:1]]>
            </line>
            <line>
              <![CDATA[2017-03-10 16:09:54 : [STEP] [点击'场景'] ]]>
            </line>
            <line>
              <![CDATA[2017-03-10 16:09:54 : [INFO] [点击 -> -android uiautomator: text("场景")]]]>
            </line>
            <line>
              <![CDATA[2017-03-10 16:09:55 : [INFO] 当前家庭为:我的家庭]]>
            </line>
            <line>
              <![CDATA[2017-03-10 16:09:55 : [INFO] 当前情景数为:6]]>
            </line>
            <line>
              <![CDATA[2017-03-10 16:10:16 : [STEP] [滑动查找场景] ]]>
            </line>
            <line>
              <![CDATA[2017-03-10 16:10:36 : [STEP] [滑动查找场景] ]]>
            </line>
            <line>
              <![CDATA[2017-03-10 16:10:56 : [STEP] [滑动查找场景] ]]>
            </line>
          </reporter-output>
        </test-method> <!-- checkscene -->
        <test-method status="FAIL" signature="tearDown()[pri:0, instance:com.oribo.android365.testcase.HomeManage@cd2dae5]" name="tearDown" is-config="true" duration-ms="0" started-at="2017-03-10T16:11:18Z" finished-at="2017-03-10T16:11:18Z">
          <exception class="org.openqa.selenium.remote.SessionNotFoundException">
            <message>
              <![CDATA[A session is either terminated or not started (WARNING: The server did not provide any stacktrace information)
Command duration or timeout: 1.05 seconds
Build info: version: '2.52.0', revision: '4c2593c', time: '2016-02-11 19:06:42'
System info: host: 'test', ip: '192.168.80.211', os.name: 'Windows 8.1', os.arch: 'amd64', os.version: '6.3', java.version: '1.8.0_31'
Driver info: io.appium.java_client.android.AndroidDriver
Capabilities [{appPackage=com.orvibo.homemate, noReset=true, deviceName=492c754e, platform=LINUX, deviceUDID=492c754e, desired={appPackage=com.orvibo.homemate, appActivity=com.orvibo.homemate.common.launch.LaunchActivity, noReset=true, platformVersion=6.0.1, browserName=, unicodeKeyboard=true, sessionOverride=true, platformName=Android, udid=492c754e, deviceName=Android Emulator, device=Selendroid, resetKeyboard=true}, platformVersion=6.0.1, webStorageEnabled=false, takesScreenshot=true, browserName=, javascriptEnabled=true, unicodeKeyboard=true, platformName=Android, udid=492c754e, deviceManufacturer=Xiaomi, resetKeyboard=true, deviceScreenSize=1080x1920, networkConnectionEnabled=true, warnings={}, databaseEnabled=false, appActivity=com.orvibo.homemate.common.launch.LaunchActivity, locationContextEnabled=false, deviceModel=MI NOTE LTE, sessionOverride=true, device=Selendroid}]
Session ID: 5c131d12-cfb9-42f6-837b-139cf686554a]]>
            </message>
            <full-stacktrace>
              <![CDATA[org.openqa.selenium.remote.SessionNotFoundException: A session is either terminated or not started (WARNING: The server did not provide any stacktrace information)
Command duration or timeout: 1.05 seconds
Build info: version: '2.52.0', revision: '4c2593c', time: '2016-02-11 19:06:42'
System info: host: 'test', ip: '192.168.80.211', os.name: 'Windows 8.1', os.arch: 'amd64', os.version: '6.3', java.version: '1.8.0_31'
Driver info: io.appium.java_client.android.AndroidDriver
Capabilities [{appPackage=com.orvibo.homemate, noReset=true, deviceName=492c754e, platform=LINUX, deviceUDID=492c754e, desired={appPackage=com.orvibo.homemate, appActivity=com.orvibo.homemate.common.launch.LaunchActivity, noReset=true, platformVersion=6.0.1, browserName=, unicodeKeyboard=true, sessionOverride=true, platformName=Android, udid=492c754e, deviceName=Android Emulator, device=Selendroid, resetKeyboard=true}, platformVersion=6.0.1, webStorageEnabled=false, takesScreenshot=true, browserName=, javascriptEnabled=true, unicodeKeyboard=true, platformName=Android, udid=492c754e, deviceManufacturer=Xiaomi, resetKeyboard=true, deviceScreenSize=1080x1920, networkConnectionEnabled=true, warnings={}, databaseEnabled=false, appActivity=com.orvibo.homemate.common.launch.LaunchActivity, locationContextEnabled=false, deviceModel=MI NOTE LTE, sessionOverride=true, device=Selendroid}]
Session ID: 5c131d12-cfb9-42f6-837b-139cf686554a
	at sun.reflect.NativeConstructorAccessorImpl.newInstance0(Native Method)
	at sun.reflect.NativeConstructorAccessorImpl.newInstance(Unknown Source)
	at sun.reflect.DelegatingConstructorAccessorImpl.newInstance(Unknown Source)
	at java.lang.reflect.Constructor.newInstance(Unknown Source)
	at org.openqa.selenium.remote.ErrorHandler.createThrowable(ErrorHandler.java:206)
	at org.openqa.selenium.remote.ErrorHandler.throwIfResponseFailed(ErrorHandler.java:164)
	at org.openqa.selenium.remote.RemoteWebDriver.execute(RemoteWebDriver.java:678)
	at io.appium.java_client.DefaultGenericMobileDriver.execute(DefaultGenericMobileDriver.java:42)
	at io.appium.java_client.AppiumDriver.execute(AppiumDriver.java:206)
	at org.openqa.selenium.remote.RemoteWebDriver.quit(RemoteWebDriver.java:526)
	at com.oribo.android365.testcase.HomeManage.tearDown(HomeManage.java:1670)
	at sun.reflect.NativeMethodAccessorImpl.invoke0(Native Method)
	at sun.reflect.NativeMethodAccessorImpl.invoke(Unknown Source)
	at sun.reflect.DelegatingMethodAccessorImpl.invoke(Unknown Source)
	at java.lang.reflect.Method.invoke(Unknown Source)
	at org.testng.internal.MethodInvocationHelper.invokeMethod(MethodInvocationHelper.java:104)
	at org.testng.internal.Invoker.invokeConfigurationMethod(Invoker.java:515)
	at org.testng.internal.Invoker.invokeConfigurations(Invoker.java:217)
	at org.testng.internal.Invoker.invokeMethod(Invoker.java:712)
	at org.testng.internal.Invoker.retryFailed(Invoker.java:998)
	at org.testng.internal.Invoker.invokeTestMethods(Invoker.java:1200)
	at org.testng.internal.TestMethodWorker.invokeTestMethods(TestMethodWorker.java:129)
	at org.testng.internal.TestMethodWorker.run(TestMethodWorker.java:112)
	at org.testng.TestRunner.privateRun(TestRunner.java:756)
	at org.testng.TestRunner.run(TestRunner.java:610)
	at org.testng.SuiteRunner.runTest(SuiteRunner.java:387)
	at org.testng.SuiteRunner.runSequentially(SuiteRunner.java:382)
	at org.testng.SuiteRunner.privateRun(SuiteRunner.java:340)
	at org.testng.SuiteRunner.run(SuiteRunner.java:289)
	at org.testng.SuiteRunnerWorker.runSuite(SuiteRunnerWorker.java:52)
	at org.testng.SuiteRunnerWorker.run(SuiteRunnerWorker.java:86)
	at org.testng.TestNG.runSuitesSequentially(TestNG.java:1293)
	at org.testng.TestNG.runSuitesLocally(TestNG.java:1218)
	at org.testng.TestNG.runSuites(TestNG.java:1133)
	at org.testng.TestNG.run(TestNG.java:1104)
	at org.testng.remote.AbstractRemoteTestNG.run(AbstractRemoteTestNG.java:132)
	at org.testng.remote.RemoteTestNG.initAndRun(RemoteTestNG.java:236)
	at org.testng.remote.RemoteTestNG.main(RemoteTestNG.java:81)
]]>
            </full-stacktrace>
          </exception> <!-- org.openqa.selenium.remote.SessionNotFoundException -->
          <reporter-output>
            <line>
              <![CDATA[2017-03-10 16:11:18 : [INFO] **********]]>
            </line>
          </reporter-output>
        </test-method> <!-- tearDown -->
      </class> <!-- com.oribo.android365.testcase.HomeManage -->
      <class name="com.oribo.android365.testcase.Personcenter">
        <test-method status="PASS" signature="beforeSuite()[pri:0, instance:com.oribo.android365.testcase.Personcenter@50b494a6]" name="beforeSuite" is-config="true" duration-ms="10" started-at="2017-03-10T16:04:44Z" finished-at="2017-03-10T16:04:44Z">
          <reporter-output>
          </reporter-output>
        </test-method> <!-- beforeSuite -->
      </class> <!-- com.oribo.android365.testcase.Personcenter -->
    </test> <!-- init -->
  </suite> <!-- 智家365 -->
</testng-results>
