<?xml version="1.0" encoding="UTF-8"?>
<!-- Generated by org.testng.reporters.JUnitReportReporter -->
<testsuite name="com.oribo.android365.testcase.HomeManage" tests="23" time="1180.047" ignored="9" failures="1" timestamp="17 三月 2017 09:05:35 GMT" skipped="2" hostname="test" errors="1">
  <testcase name="defaultroom" time="72.102" classname="com.oribo.android365.testcase.HomeManage"/>
  <testcase name="getAdvInfo" time="36.083" classname="com.oribo.android365.testcase.HomeManage"/>
  <testcase name="deletelink" time="44.263" classname="com.oribo.android365.testcase.HomeManage"/>
  <testcase name="checkfamilynumber" time="39.037" classname="com.oribo.android365.testcase.HomeManage"/>
  <testcase name="memberoffamily" time="63.968" classname="com.oribo.android365.testcase.HomeManage"/>
  <testcase name="editlinkage" time="60.262" classname="com.oribo.android365.testcase.HomeManage"/>
  <testcase name="familydetails" time="42.817" classname="com.oribo.android365.testcase.HomeManage"/>
  <testcase name="remindersettings" time="46.312" classname="com.oribo.android365.testcase.HomeManage"/>
  <testcase name="checkdefault" time="40.234" classname="com.oribo.android365.testcase.HomeManage"/>
  <testcase name="delectfloor" time="79.977" classname="com.oribo.android365.testcase.HomeManage"/>
  <testcase name="addroom" time="47.626" classname="com.oribo.android365.testcase.HomeManage"/>
  <testcase name="edithome" time="51.734" classname="com.oribo.android365.testcase.HomeManage"/>
  <testcase name="addfloor" time="63.838" classname="com.oribo.android365.testcase.HomeManage"/>
  <testcase name="myhost" time="39.954" classname="com.oribo.android365.testcase.HomeManage">
    <failure type="java.lang.AssertionError" message="expected [true] but found [false]">
      <![CDATA[java.lang.AssertionError: expected [true] but found [false]
	at org.testng.Assert.fail(Assert.java:94)
	at org.testng.Assert.failNotEquals(Assert.java:513)
	at org.testng.Assert.assertTrue(Assert.java:42)
	at org.testng.Assert.assertTrue(Assert.java:52)
	at com.oribo.android365.testcase.HomeManage.myhost(HomeManage.java:169)
	at sun.reflect.NativeMethodAccessorImpl.invoke0(Native Method)
	at sun.reflect.NativeMethodAccessorImpl.invoke(Unknown Source)
	at sun.reflect.DelegatingMethodAccessorImpl.invoke(Unknown Source)
	at java.lang.reflect.Method.invoke(Unknown Source)
	at org.testng.internal.MethodInvocationHelper.invokeMethod(MethodInvocationHelper.java:104)
	at org.testng.internal.Invoker.invokeMethod(Invoker.java:645)
	at org.testng.internal.Invoker.invokeTestMethod(Invoker.java:851)
	at org.testng.internal.Invoker.invokeTestMethods(Invoker.java:1177)
	at org.testng.internal.TestMethodWorker.invokeTestMethods(TestMethodWorker.java:129)
	at org.testng.internal.TestMethodWorker.run(TestMethodWorker.java:112)
	at org.testng.TestRunner.privateRun(TestRunner.java:756)
	at org.testng.TestRunner.run(TestRunner.java:610)
	at org.testng.SuiteRunner.runTest(SuiteRunner.java:387)
	at org.testng.SuiteRunner.runSequentially(SuiteRunner.java:382)
	at org.testng.SuiteRunner.privateRun(SuiteRunner.java:340)
	at org.testng.SuiteRunner.run(SuiteRunner.java:289)
	at org.testng.SuiteRunnerWorker.runSuite(SuiteRunnerWorker.java:52)
	at org.testng.SuiteRunnerWorker.run(SuiteRunnerWorker.java:86)
	at org.testng.TestNG.runSuitesSequentially(TestNG.java:1293)
	at org.testng.TestNG.runSuitesLocally(TestNG.java:1218)
	at org.testng.TestNG.runSuites(TestNG.java:1133)
	at org.testng.TestNG.run(TestNG.java:1104)
	at org.testng.remote.AbstractRemoteTestNG.run(AbstractRemoteTestNG.java:132)
	at org.testng.remote.RemoteTestNG.initAndRun(RemoteTestNG.java:236)
	at org.testng.remote.RemoteTestNG.main(RemoteTestNG.java:81)
]]>
    </failure>
  </testcase> <!-- myhost -->
  <testcase name="checklinkage" time="37.862" classname="com.oribo.android365.testcase.HomeManage"/>
  <testcase name="delectroom" time="52.720" classname="com.oribo.android365.testcase.HomeManage"/>
  <testcase name="familydetails" time="55.345" classname="com.oribo.android365.testcase.HomeManage">
    <skipped/>
  </testcase> <!-- familydetails -->
  <testcase name="CheckMyHub" time="35.087" classname="com.oribo.android365.testcase.HomeManage"/>
  <testcase name="addlink" time="67.029" classname="com.oribo.android365.testcase.HomeManage">
    <skipped/>
  </testcase> <!-- addlink -->
  <testcase name="addlink" time="51.813" classname="com.oribo.android365.testcase.HomeManage"/>
  <testcase name="addhome" time="72.351" classname="com.oribo.android365.testcase.HomeManage"/>
  <testcase name="sort" time="38.023" classname="com.oribo.android365.testcase.HomeManage"/>
  <testcase name="dragfloor" time="41.610" classname="com.oribo.android365.testcase.HomeManage">
    <error type="java.lang.NoSuchMethodError" message="io.appium.java_client.TouchAction.&lt;init&gt;(Lio/appium/java_client/PerformsTouchActions;)V">
      <![CDATA[java.lang.NoSuchMethodError: io.appium.java_client.TouchAction.<init>(Lio/appium/java_client/PerformsTouchActions;)V
	at com.oribo.android365.testcase.HomeManage.dragfloor(HomeManage.java:889)
	at sun.reflect.NativeMethodAccessorImpl.invoke0(Native Method)
	at sun.reflect.NativeMethodAccessorImpl.invoke(Unknown Source)
	at sun.reflect.DelegatingMethodAccessorImpl.invoke(Unknown Source)
	at java.lang.reflect.Method.invoke(Unknown Source)
	at org.testng.internal.MethodInvocationHelper.invokeMethod(MethodInvocationHelper.java:104)
	at org.testng.internal.Invoker.invokeMethod(Invoker.java:645)
	at org.testng.internal.Invoker.invokeTestMethod(Invoker.java:851)
	at org.testng.internal.Invoker.invokeTestMethods(Invoker.java:1177)
	at org.testng.internal.TestMethodWorker.invokeTestMethods(TestMethodWorker.java:129)
	at org.testng.internal.TestMethodWorker.run(TestMethodWorker.java:112)
	at org.testng.TestRunner.privateRun(TestRunner.java:756)
	at org.testng.TestRunner.run(TestRunner.java:610)
	at org.testng.SuiteRunner.runTest(SuiteRunner.java:387)
	at org.testng.SuiteRunner.runSequentially(SuiteRunner.java:382)
	at org.testng.SuiteRunner.privateRun(SuiteRunner.java:340)
	at org.testng.SuiteRunner.run(SuiteRunner.java:289)
	at org.testng.SuiteRunnerWorker.runSuite(SuiteRunnerWorker.java:52)
	at org.testng.SuiteRunnerWorker.run(SuiteRunnerWorker.java:86)
	at org.testng.TestNG.runSuitesSequentially(TestNG.java:1293)
	at org.testng.TestNG.runSuitesLocally(TestNG.java:1218)
	at org.testng.TestNG.runSuites(TestNG.java:1133)
	at org.testng.TestNG.run(TestNG.java:1104)
	at org.testng.remote.AbstractRemoteTestNG.run(AbstractRemoteTestNG.java:132)
	at org.testng.remote.RemoteTestNG.initAndRun(RemoteTestNG.java:236)
	at org.testng.remote.RemoteTestNG.main(RemoteTestNG.java:81)
]]>
    </error>
  </testcase> <!-- dragfloor -->
  <testcase name="checkbind" classname="com.oribo.android365.testcase.Personcenter">
    <skipped/>
  </testcase> <!-- checkbind -->
  <testcase name="checkdefaultphoto" classname="com.oribo.android365.testcase.Personcenter">
    <skipped/>
  </testcase> <!-- checkdefaultphoto -->
  <testcase name="modifypassword" classname="com.oribo.android365.testcase.Personcenter">
    <skipped/>
  </testcase> <!-- modifypassword -->
  <testcase name="authorization" classname="com.oribo.android365.testcase.Personcenter">
    <skipped/>
  </testcase> <!-- authorization -->
  <testcase name="delectscene" classname="com.oribo.android365.testcase.HomeManage">
    <skipped/>
  </testcase> <!-- delectscene -->
  <testcase name="ClickMore" classname="com.oribo.android365.testcase.HomeManage">
    <skipped/>
  </testcase> <!-- ClickMore -->
  <testcase name="addscene" classname="com.oribo.android365.testcase.HomeManage">
    <skipped/>
  </testcase> <!-- addscene -->
  <testcase name="editscene" classname="com.oribo.android365.testcase.HomeManage">
    <skipped/>
  </testcase> <!-- editscene -->
  <testcase name="checkscene" classname="com.oribo.android365.testcase.HomeManage">
    <skipped/>
  </testcase> <!-- checkscene -->
</testsuite> <!-- com.oribo.android365.testcase.HomeManage -->
